<?xml version="1.0" encoding="UTF-8"?>
<coverage generated="1721158003627" clover="3.2.0">
  <project timestamp="1721158003627" name="All files">
    <metrics statements="69" coveredstatements="52" conditionals="24" coveredconditionals="18" methods="16" coveredmethods="12" elements="109" coveredelements="82" complexity="0" loc="69" ncloc="69" packages="2" files="5" classes="5"/>
    <package name="src">
      <metrics statements="12" coveredstatements="0" conditionals="0" coveredconditionals="0" methods="1" coveredmethods="0"/>
      <file name="App.tsx" path="/Users/ahmad/kür2/Weather-App/src/App.tsx">
        <metrics statements="5" coveredstatements="0" conditionals="0" coveredconditionals="0" methods="1" coveredmethods="0"/>
        <line num="2" count="0" type="stmt"/>
        <line num="3" count="0" type="stmt"/>
        <line num="5" count="0" type="stmt"/>
        <line num="6" count="0" type="stmt"/>
        <line num="13" count="0" type="stmt"/>
      </file>
      <file name="main.tsx" path="/Users/ahmad/kür2/Weather-App/src/main.tsx">
        <metrics statements="7" coveredstatements="0" conditionals="0" coveredconditionals="0" methods="0" coveredmethods="0"/>
        <line num="1" count="0" type="stmt"/>
        <line num="2" count="0" type="stmt"/>
        <line num="3" count="0" type="stmt"/>
        <line num="4" count="0" type="stmt"/>
        <line num="5" count="0" type="stmt"/>
        <line num="8" count="0" type="stmt"/>
        <line num="20" count="0" type="stmt"/>
      </file>
    </package>
    <package name="src.components">
      <metrics statements="57" coveredstatements="52" conditionals="24" coveredconditionals="18" methods="15" coveredmethods="12"/>
      <file name="AnimatedBackground.tsx" path="/Users/ahmad/kür2/Weather-App/src/components/AnimatedBackground.tsx">
        <metrics statements="4" coveredstatements="4" conditionals="0" coveredconditionals="0" methods="1" coveredmethods="1"/>
        <line num="2" count="1" type="stmt"/>
        <line num="5" count="1" type="stmt"/>
        <line num="6" count="22" type="stmt"/>
        <line num="16" count="1" type="stmt"/>
      </file>
      <file name="ComicSpeechBubble.tsx" path="/Users/ahmad/kür2/Weather-App/src/components/ComicSpeechBubble.tsx">
        <metrics statements="11" coveredstatements="10" conditionals="0" coveredconditionals="0" methods="4" coveredmethods="3"/>
        <line num="1" count="2" type="stmt"/>
        <line num="2" count="2" type="stmt"/>
        <line num="5" count="2" type="stmt"/>
        <line num="14" count="2" type="stmt"/>
        <line num="15" count="19" type="stmt"/>
        <line num="17" count="19" type="stmt"/>
        <line num="19" count="14" type="stmt"/>
        <line num="20" count="0" type="stmt"/>
        <line num="24" count="14" type="stmt"/>
        <line num="27" count="19" type="stmt"/>
        <line num="36" count="2" type="stmt"/>
      </file>
      <file name="WeatherApp.tsx" path="/Users/ahmad/kür2/Weather-App/src/components/WeatherApp.tsx">
        <metrics statements="42" coveredstatements="38" conditionals="24" coveredconditionals="18" methods="10" coveredmethods="8"/>
        <line num="1" count="1" type="stmt"/>
        <line num="2" count="1" type="stmt"/>
        <line num="8" count="1" type="stmt"/>
        <line num="9" count="1" type="stmt"/>
        <line num="12" count="1" type="stmt"/>
        <line num="13" count="22" type="stmt"/>
        <line num="14" count="22" type="stmt"/>
        <line num="15" count="22" type="stmt"/>
        <line num="16" count="22" type="stmt"/>
        <line num="17" count="22" type="stmt"/>
        <line num="18" count="22" type="stmt"/>
        <line num="21" count="22" type="stmt"/>
        <line num="22" count="5" type="stmt"/>
        <line num="23" count="5" type="stmt"/>
        <line num="24" count="5" type="stmt"/>
        <line num="25" count="5" type="stmt"/>
        <line num="26" count="5" type="stmt"/>
        <line num="27" count="3" type="stmt"/>
        <line num="28" count="3" type="stmt"/>
        <line num="29" count="3" type="stmt"/>
        <line num="30" count="3" type="stmt"/>
        <line num="32" count="2" type="stmt"/>
        <line num="34" count="5" type="stmt"/>
        <line num="39" count="22" type="stmt"/>
        <line num="40" count="15" type="stmt"/>
        <line num="49" count="15" type="stmt"/>
        <line num="53" count="22" type="stmt"/>
        <line num="54" count="18" type="cond" truecount="0" falsecount="1"/>
        <line num="55" count="18" type="cond" truecount="0" falsecount="1"/>
        <line num="56" count="18" type="cond" truecount="1" falsecount="0"/>
        <line num="57" count="0" type="cond" truecount="0" falsecount="1"/>
        <line num="58" count="0" type="stmt"/>
        <line num="61" count="22" type="cond" truecount="1" falsecount="0"/>
        <line num="62" count="3" type="stmt"/>
        <line num="126" count="22" type="stmt"/>
        <line num="136" count="5" type="stmt"/>
        <line num="156" count="120" type="stmt"/>
        <line num="158" count="15" type="stmt"/>
        <line num="159" count="15" type="stmt"/>
        <line num="175" count="0" type="stmt"/>
        <line num="186" count="0" type="stmt"/>
        <line num="194" count="1" type="stmt"/>
      </file>
    </package>
  </project>
</coverage>
