{"/Users/ahmad/kür2/Weather-App/src/App.tsx": {"path":"/Users/ahmad/kür2/Weather-App/src/App.tsx","statementMap":{"0":{"start":{"line":2,"column":0},"end":{"line":2,"column":49}},"1":{"start":{"line":3,"column":0},"end":{"line":3,"column":19}},"2":{"start":{"line":5,"column":22},"end":{"line":11,"column":1}},"3":{"start":{"line":6,"column":2},"end":{"line":10,"column":4}},"4":{"start":{"line":13,"column":0},"end":{"line":13,"column":19}}},"fnMap":{"0":{"name":"(anonymous_1)","decl":{"start":{"line":5,"column":22},"end":{"line":5,"column":25}},"loc":{"start":{"line":5,"column":27},"end":{"line":11,"column":1}}}},"branchMap":{},"s":{"0":0,"1":0,"2":0,"3":0,"4":0},"f":{"0":0},"b":{}}
,"/Users/ahmad/kür2/Weather-App/src/main.tsx": {"path":"/Users/ahmad/kür2/Weather-App/src/main.tsx","statementMap":{"0":{"start":{"line":1,"column":0},"end":{"line":1,"column":26}},"1":{"start":{"line":2,"column":0},"end":{"line":2,"column":40}},"2":{"start":{"line":3,"column":0},"end":{"line":3,"column":24}},"3":{"start":{"line":4,"column":0},"end":{"line":4,"column":21}},"4":{"start":{"line":5,"column":0},"end":{"line":5,"column":40}},"5":{"start":{"line":8,"column":0},"end":{"line":18,"column":3}},"6":{"start":{"line":20,"column":0},"end":{"line":24,"column":2}}},"fnMap":{},"branchMap":{},"s":{"0":0,"1":0,"2":0,"3":0,"4":0,"5":0,"6":0},"f":{},"b":{}}
,"/Users/ahmad/kür2/Weather-App/src/components/AnimatedBackground.tsx": {"path":"/Users/ahmad/kür2/Weather-App/src/components/AnimatedBackground.tsx","statementMap":{"0":{"start":{"line":2,"column":0},"end":{"line":2,"column":35}},"1":{"start":{"line":5,"column":37},"end":{"line":14,"column":1}},"2":{"start":{"line":6,"column":2},"end":{"line":13,"column":4}},"3":{"start":{"line":16,"column":0},"end":{"line":16,"column":34}}},"fnMap":{"0":{"name":"(anonymous_0)","decl":{"start":{"line":5,"column":37},"end":{"line":5,"column":40}},"loc":{"start":{"line":5,"column":42},"end":{"line":14,"column":1}}}},"branchMap":{},"s":{"0":1,"1":1,"2":22,"3":1},"f":{"0":22},"b":{}}
,"/Users/ahmad/kür2/Weather-App/src/components/ComicSpeechBubble.tsx": {"path":"/Users/ahmad/kür2/Weather-App/src/components/ComicSpeechBubble.tsx","statementMap":{"0":{"start":{"line":1,"column":0},"end":{"line":1,"column":51}},"1":{"start":{"line":2,"column":0},"end":{"line":2,"column":34}},"2":{"start":{"line":5,"column":23},"end":{"line":11,"column":2}},"3":{"start":{"line":14,"column":36},"end":{"line":34,"column":1}},"4":{"start":{"line":15,"column":30},"end":{"line":15,"column":57}},"5":{"start":{"line":17,"column":2},"end":{"line":25,"column":9}},"6":{"start":{"line":19,"column":21},"end":{"line":21,"column":12}},"7":{"start":{"line":20,"column":6},"end":{"line":20,"column":83}},"8":{"start":{"line":24,"column":4},"end":{"line":24,"column":41}},"9":{"start":{"line":24,"column":17},"end":{"line":24,"column":40}},"10":{"start":{"line":27,"column":2},"end":{"line":33,"column":4}},"11":{"start":{"line":36,"column":0},"end":{"line":36,"column":33}}},"fnMap":{"0":{"name":"(anonymous_0)","decl":{"start":{"line":14,"column":36},"end":{"line":14,"column":39}},"loc":{"start":{"line":14,"column":41},"end":{"line":34,"column":1}}},"1":{"name":"(anonymous_1)","decl":{"start":{"line":17,"column":12},"end":{"line":17,"column":15}},"loc":{"start":{"line":17,"column":17},"end":{"line":25,"column":3}}},"2":{"name":"(anonymous_2)","decl":{"start":{"line":19,"column":33},"end":{"line":19,"column":36}},"loc":{"start":{"line":19,"column":38},"end":{"line":21,"column":5}}},"3":{"name":"(anonymous_3)","decl":{"start":{"line":24,"column":11},"end":{"line":24,"column":14}},"loc":{"start":{"line":24,"column":17},"end":{"line":24,"column":40}}}},"branchMap":{},"s":{"0":2,"1":2,"2":2,"3":2,"4":19,"5":19,"6":14,"7":0,"8":14,"9":14,"10":19,"11":2},"f":{"0":19,"1":14,"2":0,"3":14},"b":{}}
,"/Users/ahmad/kür2/Weather-App/src/components/WeatherApp.tsx": {"path":"/Users/ahmad/kür2/Weather-App/src/components/WeatherApp.tsx","statementMap":{"0":{"start":{"line":1,"column":0},"end":{"line":1,"column":40}},"1":{"start":{"line":2,"column":0},"end":{"line":2,"column":null}},"2":{"start":{"line":8,"column":0},"end":{"line":8,"column":54}},"3":{"start":{"line":9,"column":0},"end":{"line":9,"column":52}},"4":{"start":{"line":12,"column":29},"end":{"line":192,"column":1}},"5":{"start":{"line":13,"column":26},"end":{"line":13,"column":46}},"6":{"start":{"line":14,"column":32},"end":{"line":14,"column":66}},"7":{"start":{"line":15,"column":34},"end":{"line":15,"column":69}},"8":{"start":{"line":16,"column":32},"end":{"line":16,"column":56}},"9":{"start":{"line":17,"column":28},"end":{"line":17,"column":57}},"10":{"start":{"line":18,"column":40},"end":{"line":18,"column":69}},"11":{"start":{"line":21,"column":23},"end":{"line":36,"column":3}},"12":{"start":{"line":22,"column":4},"end":{"line":22,"column":23}},"13":{"start":{"line":23,"column":4},"end":{"line":23,"column":21}},"14":{"start":{"line":24,"column":4},"end":{"line":24,"column":19}},"15":{"start":{"line":25,"column":4},"end":{"line":35,"column":5}},"16":{"start":{"line":26,"column":26},"end":{"line":26,"column":48}},"17":{"start":{"line":27,"column":27},"end":{"line":27,"column":50}},"18":{"start":{"line":28,"column":6},"end":{"line":28,"column":30}},"19":{"start":{"line":29,"column":6},"end":{"line":29,"column":32}},"20":{"start":{"line":30,"column":6},"end":{"line":30,"column":27}},"21":{"start":{"line":32,"column":6},"end":{"line":32,"column":65}},"22":{"start":{"line":34,"column":6},"end":{"line":34,"column":24}},"23":{"start":{"line":39,"column":23},"end":{"line":50,"column":3}},"24":{"start":{"line":40,"column":17},"end":{"line":48,"column":6}},"25":{"start":{"line":49,"column":4},"end":{"line":49,"column":31}},"26":{"start":{"line":53,"column":29},"end":{"line":59,"column":3}},"27":{"start":{"line":54,"column":4},"end":{"line":54,"column":70}},"28":{"start":{"line":54,"column":19},"end":{"line":54,"column":70}},"29":{"start":{"line":55,"column":4},"end":{"line":55,"column":70}},"30":{"start":{"line":55,"column":19},"end":{"line":55,"column":70}},"31":{"start":{"line":56,"column":4},"end":{"line":56,"column":70}},"32":{"start":{"line":56,"column":19},"end":{"line":56,"column":70}},"33":{"start":{"line":57,"column":4},"end":{"line":57,"column":69}},"34":{"start":{"line":57,"column":18},"end":{"line":57,"column":69}},"35":{"start":{"line":58,"column":4},"end":{"line":58,"column":55}},"36":{"start":{"line":61,"column":28},"end":{"line":123,"column":null}},"37":{"start":{"line":62,"column":4},"end":{"line":122,"column":null}},"38":{"start":{"line":126,"column":2},"end":{"line":191,"column":4}},"39":{"start":{"line":136,"column":29},"end":{"line":136,"column":52}},"40":{"start":{"line":156,"column":34},"end":{"line":156,"column":49}},"41":{"start":{"line":158,"column":27},"end":{"line":158,"column":50}},"42":{"start":{"line":159,"column":14},"end":{"line":180,"column":16}},"43":{"start":{"line":175,"column":35},"end":{"line":175,"column":56}},"44":{"start":{"line":186,"column":56},"end":{"line":186,"column":76}},"45":{"start":{"line":194,"column":0},"end":{"line":194,"column":26}}},"fnMap":{"0":{"name":"(anonymous_1)","decl":{"start":{"line":12,"column":29},"end":{"line":12,"column":32}},"loc":{"start":{"line":12,"column":34},"end":{"line":192,"column":1}}},"1":{"name":"(anonymous_2)","decl":{"start":{"line":21,"column":23},"end":{"line":21,"column":28}},"loc":{"start":{"line":21,"column":52},"end":{"line":36,"column":3}}},"2":{"name":"(anonymous_3)","decl":{"start":{"line":39,"column":23},"end":{"line":39,"column":24}},"loc":{"start":{"line":39,"column":46},"end":{"line":50,"column":3}}},"3":{"name":"(anonymous_4)","decl":{"start":{"line":53,"column":29},"end":{"line":53,"column":30}},"loc":{"start":{"line":53,"column":54},"end":{"line":59,"column":3}}},"4":{"name":"(anonymous_5)","decl":{"start":{"line":61,"column":28},"end":{"line":61,"column":29}},"loc":{"start":{"line":62,"column":4},"end":{"line":122,"column":null}}},"5":{"name":"(anonymous_6)","decl":{"start":{"line":136,"column":22},"end":{"line":136,"column":23}},"loc":{"start":{"line":136,"column":29},"end":{"line":136,"column":52}}},"6":{"name":"(anonymous_7)","decl":{"start":{"line":156,"column":20},"end":{"line":156,"column":21}},"loc":{"start":{"line":156,"column":34},"end":{"line":156,"column":49}}},"7":{"name":"(anonymous_8)","decl":{"start":{"line":157,"column":17},"end":{"line":157,"column":18}},"loc":{"start":{"line":157,"column":32},"end":{"line":181,"column":13}}},"8":{"name":"(anonymous_9)","decl":{"start":{"line":175,"column":29},"end":{"line":175,"column":32}},"loc":{"start":{"line":175,"column":35},"end":{"line":175,"column":56}}},"9":{"name":"(anonymous_10)","decl":{"start":{"line":186,"column":50},"end":{"line":186,"column":53}},"loc":{"start":{"line":186,"column":56},"end":{"line":186,"column":76}}}},"branchMap":{"0":{"loc":{"start":{"line":54,"column":4},"end":{"line":54,"column":70}},"type":"if","locations":[{"start":{"line":54,"column":4},"end":{"line":54,"column":70}}]},"1":{"loc":{"start":{"line":55,"column":4},"end":{"line":55,"column":70}},"type":"if","locations":[{"start":{"line":55,"column":4},"end":{"line":55,"column":70}}]},"2":{"loc":{"start":{"line":56,"column":4},"end":{"line":56,"column":70}},"type":"if","locations":[{"start":{"line":56,"column":4},"end":{"line":56,"column":70}}]},"3":{"loc":{"start":{"line":57,"column":4},"end":{"line":57,"column":69}},"type":"if","locations":[{"start":{"line":57,"column":4},"end":{"line":57,"column":69}}]},"4":{"loc":{"start":{"line":61,"column":74},"end":{"line":61,"column":102}},"type":"default-arg","locations":[{"start":{"line":61,"column":98},"end":{"line":61,"column":102}}]},"5":{"loc":{"start":{"line":67,"column":9},"end":{"line":69,"column":79}},"type":"cond-expr","locations":[{"start":{"line":68,"column":13},"end":{"line":68,"column":38}},{"start":{"line":69,"column":12},"end":{"line":69,"column":79}}]},"6":{"loc":{"start":{"line":129,"column":7},"end":{"line":129,"column":52}},"type":"binary-expr","locations":[{"start":{"line":129,"column":7},"end":{"line":129,"column":15}},{"start":{"line":129,"column":19},"end":{"line":129,"column":27}},{"start":{"line":129,"column":31},"end":{"line":129,"column":52}}]},"7":{"loc":{"start":{"line":146,"column":7},"end":{"line":146,"column":58}},"type":"binary-expr","locations":[{"start":{"line":146,"column":7},"end":{"line":146,"column":14}},{"start":{"line":146,"column":18},"end":{"line":146,"column":58}}]},"8":{"loc":{"start":{"line":147,"column":7},"end":{"line":147,"column":59}},"type":"binary-expr","locations":[{"start":{"line":147,"column":7},"end":{"line":147,"column":12}},{"start":{"line":147,"column":16},"end":{"line":147,"column":59}}]},"9":{"loc":{"start":{"line":149,"column":5},"end":{"line":149,"column":66}},"type":"binary-expr","locations":[{"start":{"line":149,"column":5},"end":{"line":149,"column":12}},{"start":{"line":149,"column":16},"end":{"line":149,"column":36}},{"start":{"line":149,"column":40},"end":{"line":149,"column":66}}]},"10":{"loc":{"start":{"line":151,"column":7},"end":{"line":151,"column":99}},"type":"binary-expr","locations":[{"start":{"line":151,"column":7},"end":{"line":151,"column":15}},{"start":{"line":151,"column":19},"end":{"line":151,"column":39}},{"start":{"line":151,"column":43},"end":{"line":151,"column":99}}]},"11":{"loc":{"start":{"line":153,"column":7},"end":{"line":182,"column":null}},"type":"binary-expr","locations":[{"start":{"line":153,"column":7},"end":{"line":153,"column":15}},{"start":{"line":154,"column":8},"end":{"line":181,"column":null}}]},"12":{"loc":{"start":{"line":185,"column":7},"end":{"line":188,"column":null}},"type":"binary-expr","locations":[{"start":{"line":185,"column":7},"end":{"line":185,"column":27}},{"start":{"line":186,"column":8},"end":{"line":186,"column":null}}]}},"s":{"0":1,"1":1,"2":1,"3":1,"4":1,"5":22,"6":22,"7":22,"8":22,"9":22,"10":22,"11":22,"12":5,"13":5,"14":5,"15":5,"16":5,"17":3,"18":3,"19":3,"20":3,"21":2,"22":5,"23":22,"24":15,"25":15,"26":22,"27":18,"28":0,"29":18,"30":0,"31":18,"32":18,"33":0,"34":0,"35":0,"36":22,"37":3,"38":22,"39":5,"40":120,"41":15,"42":15,"43":0,"44":0,"45":1},"f":{"0":22,"1":5,"2":15,"3":18,"4":3,"5":5,"6":120,"7":15,"8":0,"9":0},"b":{"0":[0],"1":[0],"2":[18],"3":[0],"4":[3],"5":[3,0],"6":[22,19,14],"7":[22,5],"8":[22,2],"9":[22,3,3],"10":[22,3,0],"11":[22,3],"12":[22,0]}}
}
