TN:
SF:src/components/AnimatedBackground.tsx
FN:5,(anonymous_0)
FNF:1
FNH:1
FNDA:22,(anonymous_0)
DA:2,1
DA:5,1
DA:6,22
DA:16,1
LF:4
LH:4
BRF:0
BRH:0
end_of_record
TN:
SF:src/components/ComicSpeechBubble.tsx
FN:14,(anonymous_0)
FN:17,(anonymous_1)
FN:19,(anonymous_2)
FN:24,(anonymous_3)
FNF:4
FNH:3
FNDA:19,(anonymous_0)
FNDA:14,(anonymous_1)
FNDA:0,(anonymous_2)
FNDA:14,(anonymous_3)
DA:1,2
DA:2,2
DA:5,2
DA:14,2
DA:15,19
DA:17,19
DA:19,14
DA:20,0
DA:24,14
DA:27,19
DA:36,2
LF:11
LH:10
BRF:0
BRH:0
end_of_record
TN:
SF:src/components/WeatherApp.tsx
FN:12,(anonymous_1)
FN:21,(anonymous_2)
FN:39,(anonymous_3)
FN:53,(anonymous_4)
FN:61,(anonymous_5)
FN:136,(anonymous_6)
FN:156,(anonymous_7)
FN:157,(anonymous_8)
FN:175,(anonymous_9)
FN:186,(anonymous_10)
FNF:10
FNH:8
FNDA:22,(anonymous_1)
FNDA:5,(anonymous_2)
FNDA:15,(anonymous_3)
FNDA:18,(anonymous_4)
FNDA:3,(anonymous_5)
FNDA:5,(anonymous_6)
FNDA:120,(anonymous_7)
FNDA:15,(anonymous_8)
FNDA:0,(anonymous_9)
FNDA:0,(anonymous_10)
DA:1,1
DA:2,1
DA:8,1
DA:9,1
DA:12,1
DA:13,22
DA:14,22
DA:15,22
DA:16,22
DA:17,22
DA:18,22
DA:21,22
DA:22,5
DA:23,5
DA:24,5
DA:25,5
DA:26,5
DA:27,3
DA:28,3
DA:29,3
DA:30,3
DA:32,2
DA:34,5
DA:39,22
DA:40,15
DA:49,15
DA:53,22
DA:54,18
DA:55,18
DA:56,18
DA:57,0
DA:58,0
DA:61,22
DA:62,3
DA:126,22
DA:136,5
DA:156,120
DA:158,15
DA:159,15
DA:175,0
DA:186,0
DA:194,1
LF:42
LH:38
BRDA:54,0,0,0
BRDA:55,1,0,0
BRDA:56,2,0,18
BRDA:57,3,0,0
BRDA:61,4,0,3
BRDA:67,5,0,3
BRDA:67,5,1,0
BRDA:129,6,0,22
BRDA:129,6,1,19
BRDA:129,6,2,14
BRDA:146,7,0,22
BRDA:146,7,1,5
BRDA:147,8,0,22
BRDA:147,8,1,2
BRDA:149,9,0,22
BRDA:149,9,1,3
BRDA:149,9,2,3
BRDA:151,10,0,22
BRDA:151,10,1,3
BRDA:151,10,2,0
BRDA:153,11,0,22
BRDA:153,11,1,3
BRDA:185,12,0,22
BRDA:185,12,1,0
BRF:24
BRH:18
end_of_record
